dtrace: script 'trace.d' matched 18 probes
0
0
0
0
0
0
0
0
0
0
0
0
0
0
0
0
0
0
0
0
0
0
0
0
0
0
0
0
0
0
0
0
0
0
0
3998
4121
7850
0
0
0
421
0
0
0
0
0
0
0
421
0
0
0
1808
0
421
9969
0
0
0
0
0
0
0
0
0
0
0
0
421
0
0
793
0
0
0
0
0
0
0
0
0
0
0
0
0
0
4422
0
0
1808
0
0
0
0
0
0
0
0
0
0
0
0
0
0
0
5263
0
0
0
0
0
0
421
0
0
0
0
0
0
421
0
0
0
0
0
0
0
5259
0
0
0
0
0
0
0
0
0
0
0
0
0
0
0
0
0
0
0
0
0
0
0
0
5824
421
0
0
0
0
0
0
0
0
0
0
0
0
0
0
0
0
0
0
0
0
0
0
0
0
0
0
0
0
0
0
0
0
0
0
421
0
7850
0
0
0
0
0
0
0
0
0
2620
0
0
0
0
0
0
0
0
0
0
0
421
0
0
421
0
0
0
0
0
0
0
0
0
4121
0
0
0
0
0
0
0
0
0
0
0
5623
0
0
0
0
0
1781
0
0
2298
2620
0
0
0
0
0
421
0
0
0
0
0
0
0
0
0
0
7850
0
0
0
0
8329
0
0
0
0
0
0
0
0
0
0
0
0
0
0
0
0
1781
0
0
421
0
0
0
0
0
0
793
0
0
0
0
0
0
0
0
0
0
0
0
0
0
0
0
0
0
3998
0
0
421
0
0
0
0
0
0
0
421
0
0
0
0
0
0
0
428
0
0
0
0
7850
0
0
0
4121
0
0
0
0
0
0
0
0
0
0
0
0
0
0
0
0
0
0
0
0
0
0
0
0
0
0
0
0
0
0
0
0
0
0
4619
0
0
0
0
421
0
0
0
0
7850
0
0
0
0
0
0
0
0
0
7850
0
421
0
0
0
0
2895
0
0
0
0
4337
0
0
0
0
0
0
0
0
0
0
0
0
0
0
0
0
0
428
0
0
3998
0
0
0
0
0
0
0
0
0
0
0
0
0
0
0
0
0
0
0
0
0
0
0
0
0
0
0
0
0
421
0
0
0
7850
0
0
0
0
0
0
0
0
0
0
0
1664
0
0
0
0
0
0
0
0
0
0
0
0
0
0
0
0
0
0
0
0
0
0
0
0
0
0
0
0
0
0
0
0
0
0
0
421
0
0
0
0
0
0
3859
0
0
0
7192
0
0
0
0
0
0
0
0
0
0
0
0
0
0
0
0
0
0
0
0
0
0
0
0
0
0
5259
1808
0
0
0
0
0
0
0
0
0
0
0
0
428
0
0
0
0
0
0
0
0
0
0
0
0
0
0
0
0
0
0
0
0
0
0
0
0
0
5824
0
0
421
0
0
3261
0
0
421
0
0
0
0
0
0
0
0
0
0
421
0
0
4012
0
0
0
0
0
0
0
0
0
421
0
0
0
0
7850
428
0
0
0
0
0
0
0
0
0
0
0
0
0
0
0
0
0
0
0
0
0
5068
0
0
0
0
0
0
0
0
0
0
0
0
0
0
0
0
0
0
0
0
0
0
0
0
7850
0
0
0
0
0
0
8329
0
0
0
0
0
7784
2620
0
0
0
0
0
0
0
0
0
0
0
5068
0
0
0
0
9687
0
0
0
0
0
0
0
0
0
0
0
3998
0
0
0
0
0
8809
3045
0
0
0
0
0
0
0
0
0
0
0
0
0
0
421
0
0
0
0
0
0
0
0
0
0
0
0
0
0
0
0
0
0
7850
0
0
0
0
0
0
0
0
0
0
0
0
0
0
0
0
0
0
0
0
0
0
7850
0
0
0
0
0
0
0
0
0
0
0
2562
0
0
0
0
0
0
0
0
0
0
0
0
0
0
0
0
0
421
0
0
0
0
0
0
0
0
0
0
0
0
0
0
0
0
0
0
0
0
0
0
0
0
0
8809
0
0
0
0
0
0
0
0
421
0
0
0
0
4760
0
0
0
421
428
0
0
793
0
0
0
0
7850
0
0
0
0
0
0
0
0
9765
0
0
0
0
421
0
0
0
0
0
0
0
0
0
0
0
0
0
0
0
0
0
0
0
0
0
0
0
0
0
0
0
0
0
0
0
0
0
0
0
0
0
0
0
0
0
0
0
0
0
0
0
5259
0
4422
1808
0
0
0
0
0
0
0
0
0
0
0
0
3859
0
0
0
0
0
0
421
0
0
0
0
0
5824
0
0
0
0
0
0
0
0
0
0
0
0
0
0
0
0
0
0
0
0
0
0
4422
0
0
0
0
0
0
0
0
0
0
0
0
0
0
0
0
0
0
0
0
0
0
0
0
0
0
7414
0
0
0
0
0
0
0
421
7419
0
0
0
0
0
0
0
0
0
6429
421
0
0
0
0
0
0
0
0
0
0
0
0
0
0
0
0
0
0
0
0
0
0
0
0
0
0
0
0
0
0
9765
0
421
0
0
0
0
0
0
7850
421
0
0
0
0
7419
0
0
0
0
0
0
0
0
793
0
0
0
0
0
0
0
0
0
0
428
0
0
0
0
0
0
0
0
0
0
0
0
0
0
0
0
0
0
0
0
0
0
0
0
0
0
0
0
421
0
0
0
0
0
0
0
0
0
0
0
0
0
0
0
0
0
0
0
0
0
0
0
0
0
7850
0
0
0
0
0
0
0
0
0
0
0
0
0
0
0
0
0
0
0
0
0
0
0
0
0
0
0
0
0
0
0
0
0
0
0
0
4121
0
0
0
0
7850
0
0
0
0
0
0
0
0
0
851
0
0
0
0
0
0
0
7850
0
0
0
0
0
0
0
0
0
4217
0
0
0
0
0
0
0
0
0
0
0
0
428
0
0
0
4405
0
0
0
0
0
0
0
0
0
0
0
0
0
0
0
0
0
0
0
0
0
0
0
1664
0
0
0
421
3998
0
0
0
0
0
0
0
0
0
0
0
0
8329
0
0
0
0
0
0
0
0
0
0
0
3998
0
0
0
0
0
0
0
7850
0
0
421
0
0
5996
0
0
0
0
0
0
0
0
0
0
0
0
0
0
0
0
0
793
0
0
6151
0
0
0
0
0
0
0
0
0
7069
0
0
0
0
0
0
0
0
0
7856
0
0
7850
0
0
0
0
0
0
0
0
0
0
0
0
0
0
0
0
0
0
4121
0
0
0
0
0
0
0
0
0
0
0
0
0
0
0
0
0
0
0
0
0
3998
0
0
0
0
4509
0
0
0
0
0
0
0
0
421
0
0
0
421
0
0
0
0
0
0
0
0
0
0
1893
0
0
0
0
0
0
0
0
0
0
0
0
0
0
0
0
7850
0
0
421
0
0
0
0
0
0
0
0
0
0
0
0
421
0
0
0
0
0
0
0
0
0
0
1781
0
0
0
0
0
0
0
0
0
0
0
0
6025
7850
4012
0
0
0
0
0
0
0
0
0
0
3998
0
0
4012
0
2298
421
0
421
0
0
0
7850
0
0
0
0
0
0
3503
0
0
0
1781
0
1808
0
0
0
793
0
421
421
0
0
0
0
0
0
0
0
0
0
0
1664
0
0
0
0
0
1808
0
0
0
0
0
0
0
0
0
0
0
0
0
0
0
0
0
0
0
0
0
0
0
0
0
0
0
0
0
0
0
0
0
0
0
0
0
0
0
0
421
0
0
0
0
0
517
0
0
0
0
0
0
0
0
0
3998
0
0
0
0
0
0
0
0
0
0
0
0
8329
9085
0
0
421
0
0
0
0
0
0
0
0
0
0
0
0
1707
0
0
0
0
0
0
0
0
0
0
0
0
428
0
0
0
0
0
0
0
0
0
2298
0
0
0
0
0
2895
0
0
0
0
421
0
0
0
0
0
7784
0
0
0
421
0
8333
0
0
3998
0
0
0
0
0
0
0
0
0
0
0
0
0
0
0
0
0
0
0
0
0
0
0
0
0
0
0
0
0
0
0
0
0
0
0
0
7850
0
0
0
0
0
0
0
421
0
0
0
0
0
0
0
0
0
421
0
0
0
0
0
0
0
0
0
0
0
0
0
0
0
0
0
0
0
0
0
0
0
8329
0
0
0
0
8329
0
0
0
0
0
0
0
0
0
0
0
428
0
0
5259
0
0
0
0
0
0
0
0
0
0
0
0
0
0
0
0
0
0
1808
0
0
0
0
0
0
421
0
0
0
1504
0
0
0
0
0
0
0
0
0
0
0
0
0
0
0
0
0
0
0
0
0
0
0
421
0
2298
0
0
0
421
0
421
0
0
0
0
0
0
0
0
0
0
0
421
0
0
0
0
793
0
0
0
0
0
7850
0
0
0
0
0
0
0
0
0
0
0
0
0
0
0
0
0
0
0
0
0
0
0
0
421
0
0
0
0
7850
0
0
1808
3859
0
0
0
0
0
0
0
0
0
0
0
0
0
0
0
0
0
0
0
0
0
0
0
0
0
0
1726
0
0
0
0
0
8966
0
0
0
0
1564
0
0
0
0
0
0
0
0
421
0
0
0
0
0
0
0
0
421
0
0
0
0
0
0
1664
0
0
0
2895
0
1808
0
0
0
0
0
0
0
0
0
0
0
0
0
0
0
0
0
0
5473
0
0
0
0
0
0
0
0
0
7850
0
0
0
2400
0
2298
6025
0
0
0
0
0
0
0
0
0
0
0
0
0
0
7192
0
0
0
0
0
0
0
0
0
0
0
0
0
0
0
0
0
0
0
9204
0
0
0
0
0
0
0
0
0
0
0
0
0
0
0
0
4012
0
0
0
1808
0
0
0
0
0
0
0
0
421
0
0
1664
0
0
0
0
0
0
0
0
5473
0
0
0
0
0
0
0
0
0
0
421
0
8611
0
0
0
7770
0
421
0
0
421
0
0
0
0
0
0
0
0
0
0
0
0
1564
0
0
0
0
0
0
8201
0
0
0
2235
0
0
0
0
0
3503
0
0
0
0
0
0
0
0
0
0
0
0
0
7620
0
0
0
7118
0
0
0
0
0
0
0
0
0
0
0
0
0
0
421
0
0
0
0
0
0
0
0
0
0
4405
0
0
0
0
0
0
0
1808
0
0
0
0
0
0
0
0
0
0
0
7850
0
0
0
0
0
0
0
0
0
0
0
0
0
0
0
4854
0
0
0
0
421
3859
0
0
0
0
0
0
0
0
4422
0
421
7850
0
0
0
7850
0
0
0
0
4217
0
0
7850
0
0
0
0
0
0
7850
0
0
8692
0
0
0
3267
0
0
0
0
0
0
0
3859
7850
0
0
0
0
0
0
0
0
0
0
0
0
421
0
0
0
0
0
0
0
0
0
0
0
0
0
0
0
0
0
0
0
0
0
0
0
0
0
0
793
0
7850
0
0
0
0
0
0
0
6151
0
0
0
0
0
0
0
0
0
0
0
0
0
0
0
0
0
0
0
0
0
0
0
0
0
0
0
0
0
0
0
0
421
0
4012
0
0
0
428
0
0
2562
0
0
0
0
0
0
0
0
0
0
0
0
0
0
0
0
0
0
0
0
0
0
0
793
0
0
0
0
0
8185
0
0
0
0
0
0
0
793
0
0
0
0
0
0
0
0
0
0
0
0
0
0
0
0
0
0
0
0
0
3998
0
0
0
0
0
0
0
0
0
0
0
0
6923
0
0
0
0
0
0
0
0
0
0
0
7118
0
0
8329
0
0
0
0
0
0
0
421
0
0
0
0
0
0
421
0
0
0
0
0
0
0
0
3998
0
0
0
0
0
0
0
1808
0
0
0
0
0
0
0
0
0
0
0
0
0
0
7532
0
0
1808
0
0
0
421
0
0
0
0
421
421
0
6151
0
0
0
0
0
0
0
0
0
421
0
0
421
0
0
0
0
0
0
0
0
0
0
0
0
0
0
0
421
0
0
421
0
3998
0
0
8329
0
3267
0
7850
0
0
0
0
0
0
0
0
0
0
0
0
0
0
0
0
0
0
0
0
0
0
0
0
0
0
0
0
0
0
0
0
0
0
0
0
0
0
421
0
0
0
0
0
0
0
0
0
0
0
0
0
0
0
0
0
0
0
428
0
6025
0
0
0
0
0
0
0
0
0
0
0
0
0
0
0
8966
0
0
0
0
0
0
0
0
0
0
0
0
0
0
0
0
421
0
0
0
7647
0
0
0
0
0
0
0
0
0
0
0
0
0
0
0
2235
0
0
0
0
0
0
0
0
0
0
0
0
0
0
0
0
0
0
0
0
0
0
0
0
0
0
0
0
277
0
0
0
0
0
0
0
0
0
0
0
0
0
0
0
0
0
0
0
0
0
0
0
0
0
0
0
0
0
0
0
0
0
7414
0
0
0
0
0
0
0
0
0
0
3998
4121
0
0
0
0
0
0
0
0
0
5526
0
0
0
0
0
0
0
0
0
421
0
0
0
0
0
0
0
0
0
0
0
0
0
0
0
0
0
428
1664
0
0
0
0
0
421
0
0
0
7850
0
0
0
0
0
3859
0
0
0
7201
0
0
0
0
0
0
0
421
7850
0
3998
0
793
0
0
0
0
0
0
0
0
0
0
0
0
0
0
0
421
0
0
0
1564
0
1781
0
0
0
0
0
0
0
0
0
4217
0
0
0
0
3859
0
0
0
0
0
0
0
0
0
0
0
0
7201
0
0
0
0
0
421
0
0
4217
0
0
0
0
0
0
7850
4121
0
0
0
0
0
0
7850
0
0
793
0
421
0
0
0
0
0
0
0
0
0
0
0
7850
0
0
0
0
0
0
0
0
0
0
0
0
0
0
0
5996
0
0
0
0
0
0
0
3998
0
0
0
0
0
9085
0
0
0
0
0
0
0
0
0
0
3998
0
0
0
0
0
0
0
3859
0
0
0
0
0
3998
0
0
277
0
0
0
0
0
0
0
0
0
0
0
0
0
0
0
8333
0
1808
0
0
0
0
428
0
0
0
0
0
0
0
0
7566
0
0
0
0
0
0
0
0
0
0
0
0
0
0
0
0
0
0
0
0
0
0
0
0
0
0
0
7414
0
0
0
0
0
421
0
0
0
0
0
0
0
0
0
421
0
0
0
0
0
0
0
0
0
0
0
0
0
421
0
0
9648
0
0
0
0
0
0
0
7850
0
0
0
0
0
0
0
0
0
0
0
0
0
0
0
0
0
0
0
0
0
0
0
0
793
0
0
0
0
0
0
0
0
0
0
0
0
0
0
0
0
0
0
0
7850
0
0
0
0
0
0
0
0
0
0
0
0
0
0
0
0
0
0
0
0
0
0
0
0
0
0
0
0
0
0
0
0
0
0
0
0
0
421
2620
0
0
0
0
0
0
0
0
0
0
421
2655
0
0
0
0
0
0
0
0
0
0
0
0
0
0
0
0
0
0
0
0
0
0
0
0
0
0
0
0
0
0
0
0
0
4737
0
0
7850
0
0
0
0
0
0
0
0
0
0
0
7850
0
0
0
0
0
0
0
0
0
0
0
7850
0
0
0
0
0
0
0
0
0
0
0
0
0
0
0
7850
0
0
0
0
0
0
0
0
0
0
0
0
0
0
0
0
0
0
0
0
0
0
0
0
0
0
0
7850
0
421
0
0
0
0
0
0
0
0
0
0
0
0
0
0
0
0
0
421
0
421
0
0
0
0
0
0
4121
0
0
7192
0
0
0
0
0
0
0
0
0
0
0
0
0
0
0
0
0
0
0
0
0
0
0
0
421
0
0
0
0
0
0
0
7784
0
0
0
0
421
0
0
0
0
0
0
0
0
0
0
0
0
0
0
3045
0
0
0
0
0
0
0
0
0
0
0
0
3615
0
0
0
0
0
0
7414
8324
0
0
0
0
7850
0
0
0
0
0
0
0
0
0
0
7850
0
0
0
0
0
0
0
0
0
0
0
0
421
0
0
0
421
421
0
0
171
0
0
0
0
0
0
0
0
0
0
793
0
0
0
7850
0
0
0
9969
0
421
0
0
0
0
0
0
0
421
0
0
421
0
0
0
0
0
0
421
0
0
0
0
8329
0
4337
0
0
9550
0
4760
421
0
0
0
0
0
0
0
0
0
0
0
0
0
0
0
0
428
0
0
0
0
421
0
0
0
0
0
0
0
0
0
0
0
0
517
0
0
0
0
1808
0
421
0
7419
0
0
2298
0
0
0
428
0
0
0
0
0
0
0
0
0
0
0
0
0
0
0
0
0
421
0
0
421
0
0
0
0
0
0
0
0
0
0
0
0
0
0
0
0
0
0
0
0
0
421
0
0
0
421
4760
0
0
0
0
0
0
0
0
0
0
0
0
0
0
0
0
0
7850
0
0
0
0
0
0
0
0
0
0
0
0
0
0
0
0
0
8329
0
2620
0
0
0
0
0
0
0
0
0
0
0
2298
0
0
0
0
0
0
0
0
0
0
0
0
0
0
0
4012
0
0
0
0
0
0
0
2895
0
0
421
0
0
0
0
0
0
0
0
0
0
7850
0
0
0
0
0
0
0
0
0
0
0
0
0
0
0
0
0
793
0
0
0
0
0
0
0
0
0
8002
0
0
0
0
0
0
0
0
0
0
0
0
0
0
0
0
0
0
0
0
0
421
0
0
0
0
0
0
0
0
0
3998
0
0
0
0
0
6728
0
0
0
0
0
0
0
0
0
0
0
0
0
0
0
0
0
0
0
0
0
0
0
0
0
793
0
0
0
0
0
0
0
0
0
0
0
0
0
3981
0
0
0
0
3998
0
0
0
6190
0
0
0
0
0
0
0
0
0
0
0
0
0
0
0
0
0
0
0
0
0
0
0
0
0
0
0
7850
0
0
0
0
0
0
0
8966
0
6025
0
0
0
0
421
0
0
0
0
0
0
0
0
0
0
421
0
0
0
0
0
0
0
0
0
0
0
0
0
0
0
0
0
0
0
0
0
0
0
0
0
0
0
0
0
0
0
0
0
7770
0
0
0
0
0
0
0
0
0
0
0
0
0
0
6629
0
0
0
0
9085
0
0
0
0
0
0
0
0
0
421
421
421
0
0
0
0
0
0
0
0
421
0
0
7850
0
0
0
0
7087
0
0
0
421
0
0
0
0
0
0
7850
0
0
3998
0
7850
0
0
0
0
8329
0
0
0
0
421
4337
0
0
0
421
0
0
4323
0
0
0
0
0
7850
0
0
0
0
0
0
0
0
0
0
0
0
0
0
0
0
0
1808
0
0
0
0
0
2298
0
0
0
0
0
0
1808
0
0
0
0
0
0
0
0
0
0
1808
0
0
0
0
0
0
0
0
0
0
0
0
0
0
0
0
0
0
0
0
0
0
0
0
0
0
0
0
0
0
0
0
0
421
0
0
0
0
0
4012
0
0
0
0
0
0
0
0
0
0
0
0
0
0
0
0
0
0
0
0
421
421
0
7850
0
0
0
0
0
0
0
0
0
0
0
0
0
0
0
0
0
0
0
0
0
0
0
2873
0
0
0
0
0
0
0
0
0
0
0
0
7850
0
0
0
4737
0
0
0
0
0
0
0
0
0
0
0
0
0
0
0
0
3267
0
0
0
0
0
0
0
0
0
0
0
0
7532
421
6025
4405
0
0
0
0
0
0
0
0
0
1808
0
0
0
0
0
3998
0
0
0
0
3859
0
0
0
0
0
0
0
0
0
3998
0
0
0
0
0
0
0
0
0
0
0
0
0
0
421
0
0
0
0
0
0
0
0
0
0
0
0
0
0
421
0
0
0
0
0
0
4012
0
0
0
0
9612
0
0
0
0
0
0
7850
0
0
0
0
0
8611
0
0
0
0
0
0
0
0
0
0
0
0
0
0
4405
0
0
0
0
2298
0
0
0
0
0
0
0
0
0
0
0
0
0
0
0
0
0
0
0
0
0
0
0
0
0
0
0
0
0
0
0
0
0
0
0
0
0
0
0
0
0
0
0
0
0
0
0
0
0
0
0
0
0
0
35
0
0
0
0
129
0
0
0
0
0
0
0
0
0
0
0
0
0
0
0
0
0
0
0
0
0
0
0
35
0
0
0
0
0
0
0
0
4299
0
0
0
0
0
0
0
0
0
0
0
0
0
0
1642
0
0
0
0
0
0
0
0
7135
0
0
0
0
0
0
0
0
0
0
0
0
0
0
0
0
0
0
0
0
0
0
0
7135
0
6267
2254
0
0
0
0
0
0
0
0
0
0
0
0
35
0
35
7324
0
0
8108
0
0
0
0
0
0
0
0
0
0
0
0
0
0
0
0
0
0
0
0
0
0
0
0
0
3044
0
0
0
0
0
0
0
0
129
0
0
0
0
0
0
0
0
0
0
0
0
0
0
0
0
0
0
0
0
0
0
0
0
0
0
0
0
0
0
0
0
0
8108
0
0
0
0
0
0
0
0
0
0
0
0
0
0
0
0
0
0
0
0
0
0
0
0
0
0
2153
0
0
0
0
0
0
0
0
0
35
0
0
0
0
2153
0
0
0
0
0
0
0
0
0
0
0
0
8108
8973
0
0
2320
0
0
0
0
0
0
0
0
35
0
0
0
0
0
0
0
0
0
0
0
0
0
0
0
35
0
0
35
0
0
0
0
0
0
0
0
0
0
0
0
0
0
129
0
0
0
2153
0
0
8973
0
0
0
0
0
0
0
0
35
0
0
0
0
35
0
0
0
0
0
0
0
0
0
0
0
0
0
0
0
0
35
0
0
0
0
0
0
0
0
0
5784
0
0
0
0
0
0
0
0
0
0
2153
0
0
0
0
0
0
0
0
0
0
0
0
0
0
0
0
8108
0
0
0
0
0
9056
35
0
0
0
0
0
0
0
0
0
0
35
0
0
0
0
0
0
0
0
0
0
0
0
0
0
0
0
0
929
0
0
0
0
8108
0
0
0
0
0
0
0
35
0
0
0
0
0
0
0
0
0
0
0
6893
0
0
0
6893
0
0
0
0
0
0
0
0
0
0
5188
0
0
0
129
0
0
0
0
0
0
0
9056
0
0
0
0
35
0
0
0
0
0
0
0
0
0
0
0
0
4299
0
0
0
0
0
0
0
0
0
0
9056
0
0
7135
2153
0
0
0
0
0
0
2254
0
0
0
0
0
0
0
0
0
0
0
0
0
0
0
6267
0
0
0
0
0
0
0
35
0
0
0
0
0
0
0
0
0
0
0
0
0
0
2153
0
0
0
0
35
0
0
0
0
0
0
0
0
9056
0
0
0
0
0
0
0
0
0
0
0
0
0
0
0
0
0
0
0
0
0
0
0
0
0
0
0
0
0
0
2153
0
0
0
0
0
0
0
0
5477
0
0
0
0
0
0
0
0
0
0
0
0
0
0
0
0
0
0
0
0
0
0
0
0
0
35
0
0
0
8108
0
0
0
0
0
0
0
0
0
0
0
0
0
0
0
0
0
0
0
0
0
2153
0
0
0
6893
0
0
0
0
0
0
0
0
0
0
0
0
0
0
0
0
9056
0
0
0
0
0
0
0
0
0
0
0
35
0
0
0
0
0
0
35
0
0
2254
0
0
0
0
0
0
0
2254
35
0
0
0
0
0
0
0
0
0
0
0
0
0
0
0
0
0
0
0
0
0
0
0
0
0
0
0
0
0
0
0
0
0
0
0
0
0
0
0
0
0
0
35
0
0
2153
0
0
0
2254
0
0
0
0
0
0
0
0
0
0
0
0
0
0
2153
0
6893
0
6267
0
0
0
0
0
0
0
0
0
0
0
8148
0
0
0
0
0
0
0
0
0
2153
0
0
0
0
0
0
0
0
0
0
0
0
0
0
0
0
0
0
7766
6893
0
0
0
0
0
0
0
0
1642
0
0
0
0
0
0
0
35
0
0
0
6267
0
0
0
0
0
0
0
0
0
129
0
0
0
0
0
0
0
0
0
0
0
0
0
0
0
35
0
0
0
0
0
0
0
0
0
9056
0
0
0
0
0
0
0
6267
0
0
0
0
0
0
0
0
0
0
35
0
0
0
0
0
0
0
3725
0
0
0
0
0
0
35
0
0
0
0
0
7135
0
0
0
0
9056
0
0
0
0
0
0
0
0
0
9858
0
0
6893
0
0
0
0
0
0
0
0
0
0
0
0
0
0
0
35
0
0
0
0
0
0
0
0
0
35
8108
0
0
0
0
0
0
0
0
0
0
0
0
0
0
0
0
0
0
0
0
0
0
903
0
0
0
0
0
0
0
0
0
0
0
0
0
0
0
0
0
0
0
0
35
0
0
35
0
0
35
0
0
0
35
0
0
0
0
0
0
0
0
0
0
0
0
0
0
0
0
0
0
0
0
0
0
0
0
0
0
2153
35
0
0
0
0
0
0
8108
0
0
0
0
0
0
0
0
0
0
0
0
0
0
0
0
0
0
0
0
0
0
0
0
0
0
0
0
0
0
8973
0
0
0
0
0
0
0
0
0
0
5106
0
35
0
0
0
0
0
0
0
0
0
0
0
0
0
0
0
0
0
0
2153
0
0
0
0
0
6893
0
0
0
0
0
0
0
0
2320
0
0
0
0
0
0
0
0
0
0
0
0
0
0
0
0
0
0
0
0
0
0
0
0
7135
0
0
0
0
0
0
0
0
0
0
0
0
0
0
35
0
0
0
0
0
0
0
0
2609
0
0
0
0
0
0
0
0
675
0
35
0
0
0
6893
0
0
0
0
0
0
0
0
0
0
0
0
0
1642
0
0
0
0
0
0
0
0
0
0
0
0
0
0
0
0
0
0
0
0
0
2886
0
0
0
0
0
0
9002
0
0
0
0
0
0
0
5784
0
0
0
0
0
0
0
0
0
0
0
0
35
0
0
0
0
0
0
0
0
0
0
6893
0
0
0
0
0
0
0
0
0
0
0
0
6893
0
0
0
0
0
0
0
0
0
0
0
0
0
0
35
0
0
0
0
0
0
0
0
0
0
0
0
0
0
0
0
0
0
0
0
0
0
0
6267
0
0
0
0
0
0
0
0
0
0
0
0
0
0
0
0
0
0
0
0
0
0
360
35
0
0
0
8108
0
0
0
0
0
0
0
3725
0
0
35
0
9166
8108
0
0
0
0
0
0
35
0
0
0
0
0
0
0
0
0
0
6893
0
0
0
35
8108
8108
0
0
0
0
0
0
0
0
0
0
0
0
35
0
0
0
0
0
0
0
0
0
0
35
0
8108
0
0
0
35
0
0
0
0
0
0
0
0
0
0
0
0
0
35
0
0
0
0
5994
0
0
0
0
0
0
0
0
0
0
0
0
0
0
0
0
2320
6893
0
0
0
0
0
0
5106
0
0
0
0
0
0
0
7902
0
0
0
0
0
0
0
0
0
0
0
0
0
0
0
0
0
0
35
0
0
7088
0
0
0
0
35
0
0
0
0
0
0
0
0
0
0
0
0
0
0
0
0
6133
0
0
0
0
0
0
0
0
0
0
0
0
0
0
0
0
0
0
0
0
2320
0
0
35
0
0
0
0
0
0
0
0
0
0
9260
0
0
0
0
0
0
2882
0
0
0
0
0
0
0
2153
1642
0
0
35
0
5996
0
0
0
0
0
5477
0
8926
0
9056
2153
0
2254
0
0
0
0
0
0
6893
0
5784
0
0
0
0
0
0
0
0
0
0
0
0
0
0
5996
0
0
0
0
0
0
0
0
9858
0
0
0
0
0
0
0
0
0
0
0
0
0
0
0
0
0
0
0
0
0
0
0
0
0
6893
0
0
0
0
0
0
0
0
0
0
7135
0
0
0
0
35
0
0
0
0
0
0
0
0
0
0
7902
0
0
0
0
0
0
0
0
0
35
0
0
0
0
0
0
0
0
0
6267
6893
35
0
0
0
0
0
0
0
0
0
0
0
0
0
0
0
0
0
0
0
0
0
0
0
0
0
0
35
0
0
0
0
0
0
0
129
0
0
0
0
0
0
0
0
0
0
0
0
0
0
0
0
0
0
0
35
0
0
0
0
0
0
0
0
0
0
0
0
0
0
0
0
0
6893
0
0
0
0
0
0
0
0
0
0
0
0
0
0
0
0
0
0
0
0
8108
0
0
35
0
0
8108
35
5784
35
0
0
0
0
0
0
0
0
0
0
0
0
0
0
0
0
35
0
0
6267
0
0
0
0
0
0
2254
35
0
0
0
0
0
0
0
0
0
129
0
0
0
0
0
0
0
0
0
0
0
0
0
0
0
0
1642
0
0
0
0
0
0
0
0
0
0
0
0
0
0
129
0
0
0
0
0
0
0
0
0
0
0
0
0
0
0
0
0
0
0
0
0
35
0
0
0
0
0
135
0
0
0
0
0
0
0
3725
0
0
0
0
0
0
0
0
0
0
0
0
0
0
0
0
0
0
0
0
0
0
0
0
0
0
0
0
0
0
0
0
0
0
0
0
0
0
0
0
0
0
0
0
0
0
0
129
0
35
0
0
129
0
0
0
9858
0
0
0
0
8148
0
0
0
0
2320
0
0
0
0
3276
0
0
0
0
0
0
0
0
0
516
0
0
0
0
0
0
0
0
0
0
0
35
0
0
0
35
0
0
0
0
0
0
0
0
0
0
0
0
0
0
0
0
35
129
0
0
0
0
0
0
0
0
0
0
0
0
0
0
0
0
0
0
0
0
0
0
0
0
0
0
0
0
0
0
0
0
0
0
0
0
0
0
0
0
0
0
0
0
0
0
6227
0
0
0
5784
0
0
0
0
0
0
0
0
6893
0
0
0
0
0
0
0
0
0
0
0
0
0
0
0
0
0
2320
0
0
0
0
0
0
0
0
0
35
0
0
0
0
0
0
0
0
0
0
0
0
135
0
0
0
0
0
0
9056
0
0
0
0
8148
0
135
0
0
0
0
0
0
0
129
0
0
0
0
0
5996
0
0
0
0
0
0
0
129
0
35
35
0
0
0
0
0
0
0
0
0
0
0
0
0
0
0
0
0
0
0
0
0
0
0
0
0
0
2320
0
0
0
0
0
0
0
0
0
516
129
0
0
0
0
0
0
0
0
0
35
0
0
0
0
0
0
0
0
0
35
0
0
0
0
0
0
0
0
0
0
0
0
35
0
0
0
0
0
35
0
2254
0
0
0
516
0
0
0
0
0
0
0
0
0
0
0
0
0
35
0
0
0
0
0
0
0
0
0
0
0
0
0
0
0
0
0
2153
0
2106
0
0
0
0
0
0
0
0
35
0
0
7135
0
6893
0
0
0
0
0
0
0
0
0
0
0
35
0
0
0
0
0
0
0
0
0
0
0
129
9056
0
0
0
0
0
0
0
0
0
0
0
0
0
0
0
0
35
0
0
0
129
9617
0
0
0
0
0
0
0
0
0
8108
129
0
0
0
0
0
0
0
0
0
0
0
0
0
0
0
0
0
0
0
35
0
0
0
0
0
0
0
0
0
0
35
0
0
0
0
0
0
0
360
0
0
0
0
0
129
0
0
0
0
0
0
0
0
0
0
0
6893
0
0
9002
0
0
0
0
0
0
0
0
0
0
0
0
8108
0
0
0
0
7135
0
35
0
0
0
0
0
0
0
0
9002
0
0
35
0
0
0
0
0
0
7135
0
0
0
0
0
0
35
0
0
0
0
0
0
0
0
0
500
0
0
0
0
0
0
0
0
0
129
0
35
0
0
0
0
0
0
0
0
0
0
0
0
0
0
0
0
0
35
35
0
0
0
0
0
0
0
0
0
0
0
35
0
0
0
0
0
0
0
4823
0
0
0
0
0
0
3725
0
0
0
0
0
8108
0
0
0
0
0
0
0
0
0
0
0
0
0
7135
0
0
0
0
0
0
0
0
35
0
0
0
0
0
0
0
0
0
0
0
0
0
35
0
0
5996
0
0
0
0
5188
0
0
0
5132
0
0
0
0
6815
0
0
0
0
0
0
0
0
6893
0
0
0
0
0
0
8108
0
0
0
7135
0
0
0
0
0
0
0
0
0
0
0
0
0
0
0
0
35
0
0
35
0
0
0
0
0
0
0
0
0
0
0
0
129
0
0
0
9056
0
0
0
0
0
0
0
0
0
0
35
2609
0
0
2609
0
0
0
0
0
0
0
0
0
0
0
0
0
0
0
0
129
0
0
0
0
2320
0
0
0
0
0
0
2320
0
0
0
0
0
0
0
0
0
35
0
0
0
0
0
0
0
0
0
0
0
35
0
0
0
0
0
0
0
0
0
0
0
0
0
0
0
0
0
0
0
0
0
35
0
0
2153
0
0
0
35
0
0
0
0
0
0
0
35
0
0
0
8108
0
0
0
929
0
0
0
0
0
0
0
0
0
0
129
0
0
0
0
0
0
0
0
0
6667
0
129
0
0
0
0
5106
0
0
0
0
0
129
0
0
0
0
0
0
5188
0
0
129
5188
0
0
0
0
0
0
0
0
0
0
0
0
0
1908
0
0
0
0
0
0
35
0
0
35
0
0
0
0
0
0
0
0
0
0
0
0
0
0
0
0
8344
0
0
0
0
0
0
0
0
0
0
0
0
0
0
0
0
0
0
0
0
3044
0
0
0
0
0
0
0
0
0
0
0
0
0
0
0
0
5784
1642
0
0
0
0
0
0
0
35
0
0
0
0
0
0
0
0
0
0
0
0
0
0
0
0
0
2254
0
0
0
0
0
0
0
0
0
0
0
0
0
0
0
0
0
0
3276
903
0
0
0
0
0
0
0
8973
0
0
0
0
0
5188
0
0
0
2153
0
0
8108
0
0
0
0
dtrace: pid 42380 has exited

  NodeProcessor::setRoot(int)                                   46762
  NodeProcessor::~NodeProcessor()                              442584
  NodeProcessor::NodeProcessor(int, int)                      1025276
  NodeProcessor::reset()                                      5271968
  NodeProcessor::deleteLeaf(int)                             36203633
  NodeProcessor::addPair(int, int)                          112448184
  NodeProcessor::addLeaf(int, int)                          121258843
  NodeProcessor::queryAncestor(int, int)                    168958821
